============================= test session starts ==============================
platform darwin -- Python 3.14.4, pytest-9.0.2, pluggy-1.6.0 -- /opt/homebrew/opt/python@3.14/bin/python3.14
cachedir: .pytest_cache
benchmark: 5.2.3 (defaults: timer=time.perf_counter disable_gc=False min_rounds=5 min_time=0.000005 max_time=1.0 calibration_precision=10 warmup=False warmup_iterations=100000)
metadata: {'Python': '3.14.4', 'Platform': 'macOS-26.5-arm64-arm-64bit-Mach-O', 'Packages': {'pytest': '9.0.2', 'pluggy': '1.6.0'}, 'Plugins': {'repeat': '0.9.4', 'cov': '7.1.0', 'colcon-core': '0.20.1', 'rerunfailures': '16.3', 'benchmark': '5.2.3', 'mock': '3.15.1', 'json-report': '1.5.0', 'metadata': '3.1.1', 'asyncio': '1.3.0', 'anyio': '4.13.0'}, 'JAVA_HOME': '/Library/Java/JavaVirtualMachines/jdk-19.jdk/Contents/Home'}
rootdir: /Users/marine/Code/MASS-L3-Tactical Layer/.worktrees/demo1-avoidance-chain-fix
configfile: pytest.ini (WARNING: ignoring pytest config in pyproject.toml!)
plugins: repeat-0.9.4, cov-7.1.0, colcon-core-0.20.1, rerunfailures-16.3, benchmark-5.2.3, mock-3.15.1, json-report-1.5.0, metadata-3.1.1, asyncio-1.3.0, anyio-4.13.0
asyncio: mode=Mode.STRICT, debug=False, asyncio_default_fixture_loop_scope=None, asyncio_default_test_loop_scope=function
collecting ... collected 7 items

tests/integration/sim_determinism/test_avoidance_chain.py::TestAvoidanceChain::test_ac7_rtf PASSED [ 14%]
tests/integration/sim_determinism/test_avoidance_chain.py::TestAvoidanceChain::test_ac1_task_validity_and_target_wp PASSED [ 28%]
tests/integration/sim_determinism/test_avoidance_chain.py::TestAvoidanceChain::test_ac2_min_cpa PASSED [ 42%]
tests/integration/sim_determinism/test_avoidance_chain.py::TestAvoidanceChain::test_ac3_avoid_then_transit PASSED [ 57%]
tests/integration/sim_determinism/test_avoidance_chain.py::TestAvoidanceChain::test_ac4_xte_closure PASSED [ 71%]
tests/integration/sim_determinism/test_avoidance_chain.py::TestAvoidanceChain::test_ac5_xte_nm_populated PASSED [ 85%]
tests/integration/sim_determinism/test_avoidance_chain.py::TestAvoidanceChain::test_ac6_mpc_converged PASSED [100%]

--------------------------------- JSON report ----------------------------------
report saved to: test-results/pytest-report.json
======================== 7 passed in 625.39s (0:10:25) =========================
